e:\_c++\newrender\newrender\debug\vc140.pdb
e:\_c++\newrender\newrender\debug\vc140.idb
e:\_c++\newrender\newrender\debug\consolerendering.obj
e:\_c++\newrender\newrender\debug\main.obj
e:\_c++\newrender\newrender\debug\main2.obj
e:\_c++\newrender\newrender\debug\main4.obj
e:\_c++\newrender\newrender\debug\main5.obj
e:\_c++\newrender\newrender\debug\main5c.obj
e:\_c++\newrender\newrender\debug\main6.obj
e:\_c++\newrender\newrender\debug\move10.obj
e:\_c++\newrender\newrender\debug\move11.obj
e:\_c++\newrender\newrender\debug\move3.obj
e:\_c++\newrender\newrender\debug\move7.obj
e:\_c++\newrender\newrender\debug\move8.obj
e:\_c++\newrender\newrender\debug\move9.obj
e:\_c++\newrender\debug\newrender.ilk
e:\_c++\newrender\debug\newrender.exe
e:\_c++\newrender\debug\newrender.pdb
e:\_c++\newrender\newrender\debug\newrender.tlog\cl.read.1.tlog
e:\_c++\newrender\newrender\debug\newrender.tlog\cl.write.1.tlog
e:\_c++\newrender\newrender\debug\newrender.tlog\cl.command.1.tlog
e:\_c++\newrender\newrender\debug\newrender.tlog\link.read.1.tlog
e:\_c++\newrender\newrender\debug\newrender.tlog\link.write.1.tlog
e:\_c++\newrender\newrender\debug\newrender.tlog\link.command.1.tlog
